<!DOCTYPE html PUBLIC "-//W3C//DTD XHTML 1.1//EN" "http://www.w3.org/TR/xhtml11/DTD/xhtml11.dtd">
<html xmlns="http://www.w3.org/1999/xhtml"><head><title>TestNG Report</title><style type="text/css">table {margin-bottom:10px;border-collapse:collapse;empty-cells:show}th,td {border:1px solid #009;padding:.25em .5em}th {vertical-align:bottom}td {vertical-align:top}table a {font-weight:bold}.stripe td {background-color: #E6EBF9}.num {text-align:right}.passedodd td {background-color: #3F3}.passedeven td {background-color: #0A0}.skippedodd td {background-color: #DDD}.skippedeven td {background-color: #CCC}.failedodd td,.attn {background-color: #F33}.failedeven td,.stripe .attn {background-color: #D00}.stacktrace {white-space:pre;font-family:monospace}.totop {font-size:85%;text-align:center;border-bottom:2px solid #000}</style></head><body><table><tr><th>Test</th><th># Passed</th><th># Skipped</th><th># Failed</th><th>Time (ms)</th><th>Included Groups</th><th>Excluded Groups</th></tr><tr><th colspan="7">WM Automation Suite</th></tr><tr><td><a href="#t0">WM web Automation Tests_chrome</a></td><td class="num">1</td><td class="num">0</td><td class="num attn">1</td><td class="num">224,314</td><td></td><td></td></tr></table><table><thead><tr><th>Class</th><th>Method</th><th>Start</th><th>Time (ms)</th></tr></thead><tbody><tr><th colspan="4">WM Automation Suite</th></tr></tbody><tbody id="t0"><tr><th colspan="4">WM web Automation Tests_chrome &#8212; failed (configuration methods)</th></tr><tr class="failedeven"><td rowspan="1">com.web.tests.wmtestcases.unfi.ItemSearchTest</td><td><a href="#m0">takeScreenShot</a></td><td rowspan="1">1537181285966</td><td rowspan="1">0</td></tr><tr><th colspan="4">WM web Automation Tests_chrome &#8212; failed</th></tr><tr class="failedeven"><td rowspan="1">com.web.tests.wmtestcases.unfi.ItemSearchTest</td><td><a href="#m1">navigateToItem</a></td><td rowspan="1">1537181221041</td><td rowspan="1">64731</td></tr><tr><th colspan="4">WM web Automation Tests_chrome &#8212; passed</th></tr><tr class="passedeven"><td rowspan="1">com.web.tests.wmtestcases.unfi.ItemSearchTest</td><td><a href="#m2">loginApplication</a></td><td rowspan="1">1537181160640</td><td rowspan="1">59289</td></tr></tbody></table><h2>WM web Automation Tests_chrome</h2><h3 id="m0">com.web.tests.wmtestcases.unfi.ItemSearchTest#takeScreenShot</h3><table class="result"><tr class="param"><th>Parameter #1</th></tr><tr class="param stripe"><td>[TestResult name=navigateToItem status=FAILURE method=ItemSearchTest.navigateToItem(com.web.tests.unfi.ItemSearchDP, org.testng.ITestContext)[pri:2, instance:com.web.tests.wmtestcases.unfi.ItemSearchTest@14dd9eb7] output={null}]</td></tr><tr><th>Exception</th></tr><tr><td><div class="stacktrace">java.lang.AssertionError: Test case failed due to exception Session ID is null. Using WebDriver after calling quit()?
Build info: version: &apos;3.6.0&apos;, revision: &apos;6fbf3ec767&apos;, time: &apos;2017-09-27T15:28:36.4Z&apos;
System info: host: &apos;IM-RT-LP-141&apos;, ip: &apos;10.1.148.28&apos;, os.name: &apos;Windows 7&apos;, os.arch: &apos;amd64&apos;, os.version: &apos;6.1&apos;, java.version: &apos;1.8.0_181&apos;
Driver info: driver.version: RemoteWebDriver expected [true] but found [false]
	at com.innominds.team.driverinit.DriverManager.takeScreenShot(DriverManager.java:382)
... Removed 30 stack frames</div></td></tr></table><p class="totop"><a href="#summary">back to summary</a></p><h3 id="m1">com.web.tests.wmtestcases.unfi.ItemSearchTest#navigateToItem</h3><table class="result"><tr class="param"><th>Parameter #1</th><th>Parameter #2</th></tr><tr class="param stripe"><td>com.web.tests.unfi.ItemSearchDP@2fa3be26</td><td>org.testng.TestRunner@5ba745bc</td></tr><tr><th colspan="2">Exception</th></tr><tr><td colspan="2"><div class="stacktrace">java.lang.AssertionError: Test case failed due to exception no such element: Unable to locate element: {&quot;method&quot;:&quot;link text&quot;,&quot;selector&quot;:&quot;Items&quot;}
  (Session info: chrome=68.0.3440.106)
  (Driver info: chromedriver=2.36.540470 (e522d04694c7ebea4ba8821272dbef4f9b818c91),platform=Windows NT 6.1.7601 SP1 x86_64) (WARNING: The server did not provide any stacktrace information)
Command duration or timeout: 0 milliseconds
For documentation on this error, please visit: http://seleniumhq.org/exceptions/no_such_element.html
Build info: version: &apos;3.6.0&apos;, revision: &apos;6fbf3ec767&apos;, time: &apos;2017-09-27T15:28:36.4Z&apos;
System info: host: &apos;IM-RT-LP-141&apos;, ip: &apos;10.1.148.28&apos;, os.name: &apos;Windows 7&apos;, os.arch: &apos;amd64&apos;, os.version: &apos;6.1&apos;, java.version: &apos;1.8.0_181&apos;
Driver info: org.openqa.selenium.chrome.ChromeDriver
Capabilities [{mobileEmulationEnabled=false, hasTouchScreen=false, platform=XP, acceptSslCerts=false, acceptInsecureCerts=false, webStorageEnabled=true, browserName=chrome, takesScreenshot=true, javascriptEnabled=true, platformName=XP, setWindowRect=true, unexpectedAlertBehaviour=, applicationCacheEnabled=false, rotatable=false, networkConnectionEnabled=false, chrome={chromedriverVersion=2.36.540470 (e522d04694c7ebea4ba8821272dbef4f9b818c91), userDataDir=C:\Users\nkapoor\AppData\Local\Temp\scoped_dir5312_18719}, takesHeapSnapshot=true, pageLoadStrategy=normal, unhandledPromptBehavior=, databaseEnabled=false, handlesAlerts=true, version=68.0.3440.106, browserConnectionEnabled=false, nativeEvents=true, locationContextEnabled=true, cssSelectorsEnabled=true}]
Session ID: 3c2726c06c98d047dbe7eafdd165fa75
*** Element info: {Using=link text, value=Items} expected [true] but found [false]
	at com.web.tests.unfi.ItemSearch.navigateToItem(ItemSearch.java:44)
	at com.web.tests.wmtestcases.unfi.ItemSearchTest.navigateToItem(ItemSearchTest.java:89)
... Removed 28 stack frames</div></td></tr></table><p class="totop"><a href="#summary">back to summary</a></p><h3 id="m2">com.web.tests.wmtestcases.unfi.ItemSearchTest#loginApplication</h3><table class="result"><tr class="param"><th>Parameter #1</th><th>Parameter #2</th></tr><tr class="param stripe"><td>com.web.tests.unfi.LoginDP@867ba60</td><td>org.testng.TestRunner@5ba745bc</td></tr></table><p class="totop"><a href="#summary">back to summary</a></p></body></html>