<?xml version="1.0" encoding="UTF-8"?>
<!-- Generated by org.testng.reporters.JUnitXMLReporter -->
<testsuite hostname="IM-RT-LP-141" ignored="0" name="WM web Automation Tests_chrome" tests="2" failures="1" timestamp="17 Sep 2018 10:48:06 GMT" time="224.314" errors="0">
  <testcase name="@AfterMethod takeScreenShot" time="0.0" classname="com.innominds.team.driverinit.DriverManager">
    <failure type="java.lang.AssertionError" message="Test case failed due to exception Session ID is null. Using WebDriver after calling quit()?
Build info: version: &amp;apos;3.6.0&amp;apos;, revision: &amp;apos;6fbf3ec767&amp;apos;, time: &amp;apos;2017-09-27T15:28:36.4Z&amp;apos;
System info: host: &amp;apos;IM-RT-LP-141&amp;apos;, ip: &amp;apos;10.1.148.28&amp;apos;, os.name: &amp;apos;Windows 7&amp;apos;, os.arch: &amp;apos;amd64&amp;apos;, os.version: &amp;apos;6.1&amp;apos;, java.version: &amp;apos;1.8.0_181&amp;apos;
Driver info: driver.version: RemoteWebDriver expected [true] but found [false]">
      <![CDATA[java.lang.AssertionError: Test case failed due to exception Session ID is null. Using WebDriver after calling quit()?
Build info: version: '3.6.0', revision: '6fbf3ec767', time: '2017-09-27T15:28:36.4Z'
System info: host: 'IM-RT-LP-141', ip: '10.1.148.28', os.name: 'Windows 7', os.arch: 'amd64', os.version: '6.1', java.version: '1.8.0_181'
Driver info: driver.version: RemoteWebDriver expected [true] but found [false]
	at com.innominds.team.driverinit.DriverManager.takeScreenShot(DriverManager.java:382)
... Removed 30 stack frames]]>
    </failure>
  </testcase> <!-- @AfterMethod takeScreenShot -->
  <testcase name="loginApplication" time="59.289" classname="com.web.tests.wmtestcases.unfi.ItemSearchTest"/>
  <testcase name="navigateToItem" time="64.731" classname="com.web.tests.wmtestcases.unfi.ItemSearchTest">
    <failure type="java.lang.AssertionError" message="Test case failed due to exception no such element: Unable to locate element: {&amp;quot;method&amp;quot;:&amp;quot;link text&amp;quot;,&amp;quot;selector&amp;quot;:&amp;quot;Items&amp;quot;}
  (Session info: chrome=68.0.3440.106)
  (Driver info: chromedriver=2.36.540470 (e522d04694c7ebea4ba8821272dbef4f9b818c91),platform=Windows NT 6.1.7601 SP1 x86_64) (WARNING: The server did not provide any stacktrace information)
Command duration or timeout: 0 milliseconds
For documentation on this error, please visit: http://seleniumhq.org/exceptions/no_such_element.html
Build info: version: &amp;apos;3.6.0&amp;apos;, revision: &amp;apos;6fbf3ec767&amp;apos;, time: &amp;apos;2017-09-27T15:28:36.4Z&amp;apos;
System info: host: &amp;apos;IM-RT-LP-141&amp;apos;, ip: &amp;apos;10.1.148.28&amp;apos;, os.name: &amp;apos;Windows 7&amp;apos;, os.arch: &amp;apos;amd64&amp;apos;, os.version: &amp;apos;6.1&amp;apos;, java.version: &amp;apos;1.8.0_181&amp;apos;
Driver info: org.openqa.selenium.chrome.ChromeDriver
Capabilities [{mobileEmulationEnabled=false, hasTouchScreen=false, platform=XP, acceptSslCerts=false, acceptInsecureCerts=false, webStorageEnabled=true, browserName=chrome, takesScreenshot=true, javascriptEnabled=true, platformName=XP, setWindowRect=true, unexpectedAlertBehaviour=, applicationCacheEnabled=false, rotatable=false, networkConnectionEnabled=false, chrome={chromedriverVersion=2.36.540470 (e522d04694c7ebea4ba8821272dbef4f9b818c91), userDataDir=C:\Users\nkapoor\AppData\Local\Temp\scoped_dir5312_18719}, takesHeapSnapshot=true, pageLoadStrategy=normal, unhandledPromptBehavior=, databaseEnabled=false, handlesAlerts=true, version=68.0.3440.106, browserConnectionEnabled=false, nativeEvents=true, locationContextEnabled=true, cssSelectorsEnabled=true}]
Session ID: 3c2726c06c98d047dbe7eafdd165fa75
*** Element info: {Using=link text, value=Items} expected [true] but found [false]">
      <![CDATA[java.lang.AssertionError: Test case failed due to exception no such element: Unable to locate element: {"method":"link text","selector":"Items"}
  (Session info: chrome=68.0.3440.106)
  (Driver info: chromedriver=2.36.540470 (e522d04694c7ebea4ba8821272dbef4f9b818c91),platform=Windows NT 6.1.7601 SP1 x86_64) (WARNING: The server did not provide any stacktrace information)
Command duration or timeout: 0 milliseconds
For documentation on this error, please visit: http://seleniumhq.org/exceptions/no_such_element.html
Build info: version: '3.6.0', revision: '6fbf3ec767', time: '2017-09-27T15:28:36.4Z'
System info: host: 'IM-RT-LP-141', ip: '10.1.148.28', os.name: 'Windows 7', os.arch: 'amd64', os.version: '6.1', java.version: '1.8.0_181'
Driver info: org.openqa.selenium.chrome.ChromeDriver
Capabilities [{mobileEmulationEnabled=false, hasTouchScreen=false, platform=XP, acceptSslCerts=false, acceptInsecureCerts=false, webStorageEnabled=true, browserName=chrome, takesScreenshot=true, javascriptEnabled=true, platformName=XP, setWindowRect=true, unexpectedAlertBehaviour=, applicationCacheEnabled=false, rotatable=false, networkConnectionEnabled=false, chrome={chromedriverVersion=2.36.540470 (e522d04694c7ebea4ba8821272dbef4f9b818c91), userDataDir=C:\Users\nkapoor\AppData\Local\Temp\scoped_dir5312_18719}, takesHeapSnapshot=true, pageLoadStrategy=normal, unhandledPromptBehavior=, databaseEnabled=false, handlesAlerts=true, version=68.0.3440.106, browserConnectionEnabled=false, nativeEvents=true, locationContextEnabled=true, cssSelectorsEnabled=true}]
Session ID: 3c2726c06c98d047dbe7eafdd165fa75
*** Element info: {Using=link text, value=Items} expected [true] but found [false]
	at com.web.tests.unfi.ItemSearch.navigateToItem(ItemSearch.java:44)
	at com.web.tests.wmtestcases.unfi.ItemSearchTest.navigateToItem(ItemSearchTest.java:89)
... Removed 28 stack frames]]>
    </failure>
  </testcase> <!-- navigateToItem -->
</testsuite> <!-- WM web Automation Tests_chrome -->
